<?xml version="1.0" encoding="UTF-8"?>
<testng-results ignored="0" total="1" passed="1" failed="0" skipped="0">
  <reporter-output>
  </reporter-output>
  <suite started-at="2020-10-02T09:39:24Z" name="Default suite" finished-at="2020-10-02T09:40:12Z" duration-ms="47912">
    <groups>
      <group name="cucumber">
        <method signature="AbstractTestNGCucumberTests.runScenario(io.cucumber.testng.PickleWrapper, io.cucumber.testng.FeatureWrapper)[pri:0, instance:CucumberOptions.TestRunner@39de3d36]" name="runScenario" class="io.cucumber.testng.AbstractTestNGCucumberTests"/>
      </group> <!-- cucumber -->
    </groups>
    <test started-at="2020-10-02T09:39:24Z" name="Default test" finished-at="2020-10-02T09:40:12Z" duration-ms="47912">
      <class name="CucumberOptions.TestRunner">
        <test-method is-config="true" signature="setUpClass()[pri:0, instance:CucumberOptions.TestRunner@39de3d36]" started-at="2020-10-02T15:09:24Z" name="setUpClass" finished-at="2020-10-02T15:09:25Z" duration-ms="1104" status="PASS">
          <reporter-output>
          </reporter-output>
        </test-method> <!-- setUpClass -->
        <test-method signature="runScenario(io.cucumber.testng.PickleWrapper, io.cucumber.testng.FeatureWrapper)[pri:0, instance:CucumberOptions.TestRunner@39de3d36]" started-at="2020-10-02T15:09:25Z" name="runScenario" description="Runs Cucumber Scenarios" data-provider="scenarios" finished-at="2020-10-02T15:10:11Z" duration-ms="46569" status="PASS">
          <params>
            <param index="0">
              <value>
                <![CDATA["Login functionality validation"]]>
              </value>
            </param>
            <param index="1">
              <value>
                <![CDATA["Optional[This feature is for validating login functionality]"]]>
              </value>
            </param>
          </params>
          <reporter-output>
          </reporter-output>
        </test-method> <!-- runScenario -->
        <test-method is-config="true" signature="tearDownClass()[pri:0, instance:CucumberOptions.TestRunner@39de3d36]" started-at="2020-10-02T15:10:11Z" name="tearDownClass" finished-at="2020-10-02T15:10:12Z" duration-ms="180" status="PASS">
          <reporter-output>
          </reporter-output>
        </test-method> <!-- tearDownClass -->
      </class> <!-- CucumberOptions.TestRunner -->
    </test> <!-- Default test -->
  </suite> <!-- Default suite -->
</testng-results>
